Arguments: 
  /usr/bin/node /usr/share/yarn/bin/yarn.js add @hashgrapg/sdk

PATH: 
  /home/pablo/.pyenv/plugins/pyenv-virtualenv/shims:/home/pablo/.pyenv/shims:/home/pablo/.pyenv/bin:/home/pablo/.pyenv/plugins/pyenv-virtualenv/shims:/home/pablo/.pyenv/shims:/home/pablo/.pyenv/bin:/home/pablo/.local/bin:/usr/local/sbin:/usr/local/bin:/usr/sbin:/usr/bin:/sbin:/bin:/usr/games:/usr/local/games:/snap/bin

Yarn version: 
  1.21.1

Node version: 
  10.16.0

Platform: 
  linux x64

Trace: 
  Error: https://registry.npmjs.com/@hashgrapg%2fsdk: Not found
      at Request.params.callback [as _callback] (/usr/share/yarn/lib/cli.js:66947:18)
      at Request.self.callback (/usr/share/yarn/lib/cli.js:140665:22)
      at Request.emit (events.js:198:13)
      at Request.<anonymous> (/usr/share/yarn/lib/cli.js:141637:10)
      at Request.emit (events.js:198:13)
      at IncomingMessage.<anonymous> (/usr/share/yarn/lib/cli.js:141559:12)
      at Object.onceWrapper (events.js:286:20)
      at IncomingMessage.emit (events.js:203:15)
      at endReadableNT (_stream_readable.js:1129:12)
      at process._tickCallback (internal/process/next_tick.js:63:19)

npm manifest: 
  {
    "name": "hadera",
    "version": "1.0.0",
    "main": "index.js",
    "author": "Paul Sembereka",
    "license": "MIT",
    "private": false
  }

yarn manifest: 
  No manifest

Lockfile: 
  No lockfile
